0 info it worked if it ends with ok
1 verbose cli [ 'node', '/usr/local/Cellar/node/HEAD/bin/npm', 'publish' ]
2 info using npm@1.1.49
3 info using node@v0.8.15
4 verbose node symlink /usr/local/bin/node
5 verbose publish [ '.' ]
6 verbose read json /Users/francois/Sites/github/fatbot/package.json
7 verbose cache add [ '.', null ]
8 silly cache add name=undefined spec="." args=[".",null]
9 verbose parsed url { pathname: '.', path: '.', href: '.' }
10 silly lockFile 3a52ce78- .
11 verbose lock . /Users/francois/.npm/3a52ce78-.lock
12 verbose read json package.json
13 silly lockFile 3a52ce78- .
14 error addLocal Could not install .
15 error Failed to parse json
15 error Unexpected string
16 error File: package.json
17 error Failed to parse package.json data.
17 error package.json must be actual JSON, not just JavaScript.
17 error
17 error This is not a bug in npm.
17 error Tell the package author to fix their package.json file. JSON.parse
18 error System Darwin 11.4.0
19 error command "node" "/usr/local/Cellar/node/HEAD/bin/npm" "publish"
20 error cwd /Users/francois/Sites/github/fatbot
21 error node -v v0.8.15
22 error npm -v 1.1.49
23 error file package.json
24 error code EJSONPARSE
25 verbose exit [ 1, true ]
